#
# There is insufficient memory for the Java Runtime Environment to continue.
# Native memory allocation (mmap) failed to map 128974848 bytes for G1 virtual space
# Possible reasons:
#   The system is out of physical RAM or swap space
#   The process is running with CompressedOops enabled, and the Java Heap may be blocking the growth of the native heap
# Possible solutions:
#   Reduce memory load on the system
#   Increase physical memory or swap space
#   Check if swap backing store is full
#   Decrease Java heap size (-Xmx/-Xms)
#   Decrease number of Java threads
#   Decrease Java thread stack sizes (-Xss)
#   Set larger code cache with -XX:ReservedCodeCacheSize=
#   JVM is running with Unscaled Compressed Oops mode in which the Java heap is
#     placed in the first 4GB address space. The Java Heap base address is the
#     maximum limit for the native heap growth. Please use -XX:HeapBaseMinAddress
#     to set the Java Heap base and to place the Java Heap above 4GB virtual address.
# This output file may be truncated or incomplete.
#
#  Out of Memory Error (os_windows.cpp:3548), pid=27832, tid=2776
#
# JRE version: Java(TM) SE Runtime Environment (17.0.12+8) (build 17.0.12+8-LTS-286)
# Java VM: Java HotSpot(TM) 64-Bit Server VM (17.0.12+8-LTS-286, mixed mode, sharing, tiered, compressed oops, compressed class ptrs, g1 gc, windows-amd64)
# No core dump will be written. Minidumps are not enabled by default on client versions of Windows
#

---------------  S U M M A R Y ------------

Command Line: -Dmaven.multiModuleProjectDirectory=C:\Users\Welcome\Desktop\JPMC\forage-midas org.apache.maven.wrapper.MavenWrapperMain clean install -DforkCount=0

Host: Intel(R) Core(TM) i5-10300H CPU @ 2.50GHz, 8 cores, 7G,  Windows 11 , 64 bit Build 26100 (10.0.26100.7623)
Time: Mon Feb  9 18:10:25 2026 India Standard Time elapsed time: 10.327383 seconds (0d 0h 0m 10s)

---------------  T H R E A D  ---------------

Current thread (0x00000243e9dd8970):  VMThread "VM Thread" [stack: 0x0000004db8d00000,0x0000004db8e00000] [id=2776]

Stack: [0x0000004db8d00000,0x0000004db8e00000]
Native frames: (J=compiled Java code, j=interpreted, Vv=VM code, C=native code)
V  [jvm.dll+0x67a04a]
V  [jvm.dll+0x7da4ed]
V  [jvm.dll+0x7dbe33]
V  [jvm.dll+0x7dc4a3]
V  [jvm.dll+0x24508f]
V  [jvm.dll+0x677089]
V  [jvm.dll+0x66bd32]
V  [jvm.dll+0x301fa6]
V  [jvm.dll+0x309546]
V  [jvm.dll+0x359d2e]
V  [jvm.dll+0x359f5f]
V  [jvm.dll+0x2d9078]
V  [jvm.dll+0x2d74ad]
V  [jvm.dll+0x2d6afc]
V  [jvm.dll+0x31a65b]
V  [jvm.dll+0x7e0d9b]
V  [jvm.dll+0x7e1ad4]
V  [jvm.dll+0x7e1fed]
V  [jvm.dll+0x7e23c4]
V  [jvm.dll+0x7e2490]
V  [jvm.dll+0x78abea]
V  [jvm.dll+0x678f35]
C  [ucrtbase.dll+0x37b0]
C  [KERNEL32.DLL+0x2e8d7]
C  [ntdll.dll+0x8c53c]

VM_Operation (0x0000004db87f97f0): G1CollectForAllocation, mode: safepoint, requested by thread 0x00000243cbd0bc20


---------------  P R O C E S S  ---------------

Threads class SMR info:
_java_thread_list=0x00000243ee9af1c0, length=13, elements={
0x00000243cbd0bc20, 0x00000243e9dddac0, 0x00000243e9dde480, 0x00000243e9df81b0,
0x00000243e9df8b70, 0x00000243e9df9740, 0x00000243e9dfa710, 0x00000243e9e06210,
0x00000243e9e08230, 0x00000243e9e1ac50, 0x00000243ee0e8d20, 0x00000243ee0f9340,
0x00000243f07027c0
}

Java Threads: ( => current thread )
  0x00000243cbd0bc20 JavaThread "main" [_thread_blocked, id=8604, stack(0x0000004db8700000,0x0000004db8800000)]
  0x00000243e9dddac0 JavaThread "Reference Handler" daemon [_thread_blocked, id=28740, stack(0x0000004db8e00000,0x0000004db8f00000)]
  0x00000243e9dde480 JavaThread "Finalizer" daemon [_thread_blocked, id=19428, stack(0x0000004db8f00000,0x0000004db9000000)]
  0x00000243e9df81b0 JavaThread "Signal Dispatcher" daemon [_thread_blocked, id=12912, stack(0x0000004db9000000,0x0000004db9100000)]
  0x00000243e9df8b70 JavaThread "Attach Listener" daemon [_thread_blocked, id=28400, stack(0x0000004db9100000,0x0000004db9200000)]
  0x00000243e9df9740 JavaThread "Service Thread" daemon [_thread_blocked, id=14432, stack(0x0000004db9200000,0x0000004db9300000)]
  0x00000243e9dfa710 JavaThread "Monitor Deflation Thread" daemon [_thread_blocked, id=29404, stack(0x0000004db9300000,0x0000004db9400000)]
  0x00000243e9e06210 JavaThread "C2 CompilerThread0" daemon [_thread_blocked, id=24972, stack(0x0000004db9400000,0x0000004db9500000)]
  0x00000243e9e08230 JavaThread "C1 CompilerThread0" daemon [_thread_blocked, id=21188, stack(0x0000004db9500000,0x0000004db9600000)]
  0x00000243e9e1ac50 JavaThread "Sweeper thread" daemon [_thread_blocked, id=2324, stack(0x0000004db9600000,0x0000004db9700000)]
  0x00000243ee0e8d20 JavaThread "Notification Thread" daemon [_thread_blocked, id=25032, stack(0x0000004db9700000,0x0000004db9800000)]
  0x00000243ee0f9340 JavaThread "Common-Cleaner" daemon [_thread_blocked, id=27632, stack(0x0000004db9900000,0x0000004db9a00000)]
  0x00000243f07027c0 JavaThread "C2 CompilerThread1" daemon [_thread_blocked, id=15272, stack(0x0000004db9a00000,0x0000004db9b00000)]

Other Threads:
=>0x00000243e9dd8970 VMThread "VM Thread" [stack: 0x0000004db8d00000,0x0000004db8e00000] [id=2776]
  0x00000243ee0f4670 WatcherThread [stack: 0x0000004db9800000,0x0000004db9900000] [id=6496]
  0x00000243cbd6bef0 GCTaskThread "GC Thread#0" [stack: 0x0000004db8800000,0x0000004db8900000] [id=23536]
  0x00000243ee9f5840 GCTaskThread "GC Thread#1" [stack: 0x0000004db9c00000,0x0000004db9d00000] [id=22036]
  0x00000243ee9c4850 GCTaskThread "GC Thread#2" [stack: 0x0000004db9d00000,0x0000004db9e00000] [id=29064]
  0x00000243eec38750 GCTaskThread "GC Thread#3" [stack: 0x0000004db9e00000,0x0000004db9f00000] [id=4240]
  0x00000243eebba1c0 GCTaskThread "GC Thread#4" [stack: 0x0000004db9f00000,0x0000004dba000000] [id=584]
  0x00000243eebed880 GCTaskThread "GC Thread#5" [stack: 0x0000004dba000000,0x0000004dba100000] [id=3052]
  0x00000243eee34320 GCTaskThread "GC Thread#6" [stack: 0x0000004dba100000,0x0000004dba200000] [id=21012]
  0x00000243eee345e0 GCTaskThread "GC Thread#7" [stack: 0x0000004dba200000,0x0000004dba300000] [id=28128]
  0x00000243cbd7ca40 ConcurrentGCThread "G1 Main Marker" [stack: 0x0000004db8900000,0x0000004db8a00000] [id=14032]
  0x00000243cbd7efe0 ConcurrentGCThread "G1 Conc#0" [stack: 0x0000004db8a00000,0x0000004db8b00000] [id=17192]
  0x00000243f00e60c0 ConcurrentGCThread "G1 Conc#1" [stack: 0x0000004db9b00000,0x0000004db9c00000] [id=19368]
  0x00000243cbdde4c0 ConcurrentGCThread "G1 Refine#0" [stack: 0x0000004db8b00000,0x0000004db8c00000] [id=20004]
  0x00000243f1630010 ConcurrentGCThread "G1 Refine#1" [stack: 0x0000004dba300000,0x0000004dba400000] [id=27864]
  0x00000243f0921970 ConcurrentGCThread "G1 Refine#2" [stack: 0x0000004dba400000,0x0000004dba500000] [id=15488]
  0x00000243cbddec90 ConcurrentGCThread "G1 Service" [stack: 0x0000004db8c00000,0x0000004db8d00000] [id=28564]

Threads with active compile tasks:
C2 CompilerThread0    10424 6242   !   4       java.util.jar.JarFile::checkForSpecialAttributes (163 bytes)
C2 CompilerThread1    10425 6217  s!   4       jdk.internal.loader.URLClassPath::getLoader (194 bytes)

VM state: at safepoint (normal execution)

VM Mutex/Monitor currently owned by a thread:  ([mutex/lock_event])
[0x00000243c99c9080] Threads_lock - owner thread: 0x00000243e9dd8970
[0x00000243cbd0a9e0] Heap_lock - owner thread: 0x00000243cbd0bc20

Heap address: 0x0000000082000000, size: 2016 MB, Compressed Oops mode: 32-bit

CDS archive(s) mapped at: [0x0000024380000000-0x0000024380bd0000-0x0000024380bd0000), size 12386304, SharedBaseAddress: 0x0000024380000000, ArchiveRelocationMode: 1.
Compressed class space mapped at: 0x0000024381000000-0x00000243c1000000, reserved size: 1073741824
Narrow klass base: 0x0000024380000000, Narrow klass shift: 0, Narrow klass range: 0x100000000

GC Precious Log:
 CPUs: 8 total, 8 available
 Memory: 8059M
 Large Page Support: Disabled
 NUMA Support: Disabled
 Compressed Oops: Enabled (32-bit)
 Heap Region Size: 1M
 Heap Min Capacity: 8M
 Heap Initial Capacity: 126M
 Heap Max Capacity: 2016M
 Pre-touch: Disabled
 Parallel Workers: 8
 Concurrent Workers: 2
 Concurrent Refinement Workers: 8
 Periodic GC: Disabled

Heap:
 garbage-first heap   total 135168K, used 44393K [0x0000000082000000, 0x0000000100000000)
  region size 1024K, 1 young (1024K), 1 survivors (1024K)
 Metaspace       used 27590K, committed 27904K, reserved 1114112K
  class space    used 3079K, committed 3200K, reserved 1048576K

Heap Regions: E=young(eden), S=young(survivor), O=old, HS=humongous(starts), HC=humongous(continues), CS=collection set, F=free, OA=open archive, CA=closed archive, TAMS=top-at-mark-start (previous, next)
|   0|0x0000000082000000, 0x0000000082100000, 0x0000000082100000|100%| O|  |TAMS 0x0000000082100000, 0x0000000082000000| Untracked 
|   1|0x0000000082100000, 0x0000000082200000, 0x0000000082200000|100%| O|  |TAMS 0x0000000082200000, 0x0000000082100000| Untracked 
|   2|0x0000000082200000, 0x0000000082300000, 0x0000000082300000|100%| O|  |TAMS 0x0000000082300000, 0x0000000082200000| Untracked 
|   3|0x0000000082300000, 0x0000000082400000, 0x0000000082400000|100%| O|  |TAMS 0x0000000082400000, 0x0000000082300000| Untracked 
|   4|0x0000000082400000, 0x0000000082500000, 0x0000000082500000|100%| O|  |TAMS 0x0000000082500000, 0x0000000082400000| Untracked 
|   5|0x0000000082500000, 0x0000000082600000, 0x0000000082600000|100%| O|  |TAMS 0x0000000082600000, 0x0000000082500000| Untracked 
|   6|0x0000000082600000, 0x0000000082700000, 0x0000000082700000|100%| O|  |TAMS 0x0000000082700000, 0x0000000082600000| Untracked 
|   7|0x0000000082700000, 0x0000000082800000, 0x0000000082800000|100%| O|  |TAMS 0x0000000082800000, 0x0000000082700000| Untracked 
|   8|0x0000000082800000, 0x0000000082900000, 0x0000000082900000|100%| O|  |TAMS 0x0000000082900000, 0x0000000082800000| Untracked 
|   9|0x0000000082900000, 0x0000000082a00000, 0x0000000082a00000|100%| O|  |TAMS 0x0000000082a00000, 0x0000000082900000| Untracked 
|  10|0x0000000082a00000, 0x0000000082b00000, 0x0000000082b00000|100%| O|  |TAMS 0x0000000082b00000, 0x0000000082a00000| Untracked 
|  11|0x0000000082b00000, 0x0000000082bfc800, 0x0000000082c00000| 98%| O|  |TAMS 0x0000000082bfc800, 0x0000000082b00000| Untracked 
|  12|0x0000000082c00000, 0x0000000082d00000, 0x0000000082d00000|100%| O|  |TAMS 0x0000000082c00000, 0x0000000082c00000| Untracked 
|  13|0x0000000082d00000, 0x0000000082dd6200, 0x0000000082e00000| 83%| O|  |TAMS 0x0000000082d00000, 0x0000000082d00000| Untracked 
|  14|0x0000000082e00000, 0x0000000082f00000, 0x0000000082f00000|100%|HS|  |TAMS 0x0000000082e00000, 0x0000000082e00000| Complete 
|  15|0x0000000082f00000, 0x0000000083000000, 0x0000000083000000|100%| O|  |TAMS 0x0000000082f00000, 0x0000000082f00000| Untracked 
|  16|0x0000000083000000, 0x0000000083000000, 0x0000000083100000|  0%| F|  |TAMS 0x0000000083000000, 0x0000000083000000| Untracked 
|  17|0x0000000083100000, 0x0000000083200000, 0x0000000083200000|100%| O|  |TAMS 0x0000000083100000, 0x0000000083100000| Untracked 
|  18|0x0000000083200000, 0x0000000083300000, 0x0000000083300000|100%| O|  |TAMS 0x0000000083300000, 0x0000000083200000| Untracked 
|  19|0x0000000083300000, 0x0000000083400000, 0x0000000083400000|100%| O|  |TAMS 0x0000000083400000, 0x0000000083300000| Untracked 
|  20|0x0000000083400000, 0x0000000083500000, 0x0000000083500000|100%| O|  |TAMS 0x0000000083500000, 0x0000000083400000| Untracked 
|  21|0x0000000083500000, 0x0000000083500000, 0x0000000083600000|  0%| F|  |TAMS 0x0000000083500000, 0x0000000083500000| Untracked 
|  22|0x0000000083600000, 0x0000000083700000, 0x0000000083700000|100%| O|  |TAMS 0x0000000083700000, 0x0000000083600000| Untracked 
|  23|0x0000000083700000, 0x0000000083800000, 0x0000000083800000|100%| O|  |TAMS 0x0000000083700000, 0x0000000083700000| Untracked 
|  24|0x0000000083800000, 0x0000000083800000, 0x0000000083900000|  0%| F|  |TAMS 0x0000000083800000, 0x0000000083800000| Untracked 
|  25|0x0000000083900000, 0x0000000083900000, 0x0000000083a00000|  0%| F|  |TAMS 0x0000000083900000, 0x0000000083900000| Untracked 
|  26|0x0000000083a00000, 0x0000000083a00000, 0x0000000083b00000|  0%| F|  |TAMS 0x0000000083a00000, 0x0000000083a00000| Untracked 
|  27|0x0000000083b00000, 0x0000000083b00000, 0x0000000083c00000|  0%| F|  |TAMS 0x0000000083b00000, 0x0000000083b00000| Untracked 
|  28|0x0000000083c00000, 0x0000000083c00000, 0x0000000083d00000|  0%| F|  |TAMS 0x0000000083c00000, 0x0000000083c00000| Untracked 
|  29|0x0000000083d00000, 0x0000000083e00000, 0x0000000083e00000|100%| O|  |TAMS 0x0000000083e00000, 0x0000000083d00000| Untracked 
|  30|0x0000000083e00000, 0x0000000083e00000, 0x0000000083f00000|  0%| F|  |TAMS 0x0000000083e00000, 0x0000000083e00000| Untracked 
|  31|0x0000000083f00000, 0x0000000084000000, 0x0000000084000000|100%| O|  |TAMS 0x0000000084000000, 0x0000000083f00000| Untracked 
|  32|0x0000000084000000, 0x0000000084000000, 0x0000000084100000|  0%| F|  |TAMS 0x0000000084000000, 0x0000000084000000| Untracked 
|  33|0x0000000084100000, 0x0000000084200000, 0x0000000084200000|100%| O|  |TAMS 0x0000000084200000, 0x0000000084100000| Untracked 
|  34|0x0000000084200000, 0x0000000084300000, 0x0000000084300000|100%| O|  |TAMS 0x0000000084200000, 0x0000000084200000| Untracked 
|  35|0x0000000084300000, 0x0000000084400000, 0x0000000084400000|100%| O|  |TAMS 0x0000000084400000, 0x0000000084300000| Untracked 
|  36|0x0000000084400000, 0x0000000084500000, 0x0000000084500000|100%| O|  |TAMS 0x0000000084500000, 0x0000000084400000| Untracked 
|  37|0x0000000084500000, 0x0000000084500000, 0x0000000084600000|  0%| F|  |TAMS 0x0000000084500000, 0x0000000084500000| Untracked 
|  38|0x0000000084600000, 0x0000000084600000, 0x0000000084700000|  0%| F|  |TAMS 0x0000000084600000, 0x0000000084600000| Untracked 
|  39|0x0000000084700000, 0x0000000084700000, 0x0000000084800000|  0%| F|  |TAMS 0x0000000084700000, 0x0000000084700000| Untracked 
|  40|0x0000000084800000, 0x0000000084800000, 0x0000000084900000|  0%| F|  |TAMS 0x0000000084800000, 0x0000000084800000| Untracked 
|  41|0x0000000084900000, 0x0000000084900000, 0x0000000084a00000|  0%| F|  |TAMS 0x0000000084900000, 0x0000000084900000| Untracked 
|  42|0x0000000084a00000, 0x0000000084b00000, 0x0000000084b00000|100%| O|  |TAMS 0x0000000084a00000, 0x0000000084a00000| Untracked 
|  43|0x0000000084b00000, 0x0000000084b00000, 0x0000000084c00000|  0%| F|  |TAMS 0x0000000084b00000, 0x0000000084b00000| Untracked 
|  44|0x0000000084c00000, 0x0000000084d00000, 0x0000000084d00000|100%| O|  |TAMS 0x0000000084d00000, 0x0000000084c00000| Untracked 
|  45|0x0000000084d00000, 0x0000000084e00000, 0x0000000084e00000|100%| O|  |TAMS 0x0000000084e00000, 0x0000000084d00000| Untracked 
|  46|0x0000000084e00000, 0x0000000084f00000, 0x0000000084f00000|100%| O|  |TAMS 0x0000000084f00000, 0x0000000084e00000| Untracked 
|  47|0x0000000084f00000, 0x0000000084f00000, 0x0000000085000000|  0%| F|  |TAMS 0x0000000084f00000, 0x0000000084f00000| Untracked 
|  48|0x0000000085000000, 0x0000000085000000, 0x0000000085100000|  0%| F|  |TAMS 0x0000000085000000, 0x0000000085000000| Untracked 
|  49|0x0000000085100000, 0x0000000085100000, 0x0000000085200000|  0%| F|  |TAMS 0x0000000085100000, 0x0000000085100000| Untracked 
|  50|0x0000000085200000, 0x0000000085200000, 0x0000000085300000|  0%| F|  |TAMS 0x0000000085200000, 0x0000000085200000| Untracked 
|  51|0x0000000085300000, 0x0000000085400000, 0x0000000085400000|100%|HS|  |TAMS 0x0000000085400000, 0x0000000085300000| Complete 
|  52|0x0000000085400000, 0x0000000085400000, 0x0000000085500000|  0%| F|  |TAMS 0x0000000085400000, 0x0000000085400000| Untracked 
|  53|0x0000000085500000, 0x0000000085500000, 0x0000000085600000|  0%| F|  |TAMS 0x0000000085500000, 0x0000000085500000| Untracked 
|  54|0x0000000085600000, 0x0000000085600000, 0x0000000085700000|  0%| F|  |TAMS 0x0000000085600000, 0x0000000085600000| Untracked 
|  55|0x0000000085700000, 0x0000000085700000, 0x0000000085800000|  0%| F|  |TAMS 0x0000000085700000, 0x0000000085700000| Untracked 
|  56|0x0000000085800000, 0x0000000085900000, 0x0000000085900000|100%| O|  |TAMS 0x0000000085900000, 0x0000000085800000| Untracked 
|  57|0x0000000085900000, 0x0000000085a00000, 0x0000000085a00000|100%| O|  |TAMS 0x0000000085a00000, 0x0000000085900000| Untracked 
|  58|0x0000000085a00000, 0x0000000085b00000, 0x0000000085b00000|100%| O|  |TAMS 0x0000000085b00000, 0x0000000085a00000| Untracked 
|  59|0x0000000085b00000, 0x0000000085c00000, 0x0000000085c00000|100%| O|  |TAMS 0x0000000085c00000, 0x0000000085b00000| Untracked 
|  60|0x0000000085c00000, 0x0000000085d00000, 0x0000000085d00000|100%| O|  |TAMS 0x0000000085c66c00, 0x0000000085c00000| Untracked 
|  61|0x0000000085d00000, 0x0000000085e00000, 0x0000000085e00000|100%| O|  |TAMS 0x0000000085d00000, 0x0000000085d00000| Untracked 
|  62|0x0000000085e00000, 0x0000000085f00000, 0x0000000085f00000|100%| O|  |TAMS 0x0000000085e00000, 0x0000000085e00000| Untracked 
|  63|0x0000000085f00000, 0x0000000086000000, 0x0000000086000000|100%| O|  |TAMS 0x0000000085f00000, 0x0000000085f00000| Untracked 
|  64|0x0000000086000000, 0x0000000086100000, 0x0000000086100000|100%| O|  |TAMS 0x0000000086000000, 0x0000000086000000| Untracked 
|  65|0x0000000086100000, 0x0000000086100000, 0x0000000086200000|  0%| F|  |TAMS 0x0000000086100000, 0x0000000086100000| Untracked 
|  66|0x0000000086200000, 0x0000000086200000, 0x0000000086300000|  0%| F|  |TAMS 0x0000000086200000, 0x0000000086200000| Untracked 
|  67|0x0000000086300000, 0x0000000086300000, 0x0000000086400000|  0%| F|  |TAMS 0x0000000086300000, 0x0000000086300000| Untracked 
|  68|0x0000000086400000, 0x0000000086400000, 0x0000000086500000|  0%| F|  |TAMS 0x0000000086400000, 0x0000000086400000| Untracked 
|  69|0x0000000086500000, 0x0000000086500000, 0x0000000086600000|  0%| F|  |TAMS 0x0000000086500000, 0x0000000086500000| Untracked 
|  70|0x0000000086600000, 0x0000000086600000, 0x0000000086700000|  0%| F|  |TAMS 0x0000000086600000, 0x0000000086600000| Untracked 
|  71|0x0000000086700000, 0x0000000086700000, 0x0000000086800000|  0%| F|  |TAMS 0x0000000086700000, 0x0000000086700000| Untracked 
|  72|0x0000000086800000, 0x0000000086800000, 0x0000000086900000|  0%| F|  |TAMS 0x0000000086800000, 0x0000000086800000| Untracked 
|  73|0x0000000086900000, 0x0000000086900000, 0x0000000086a00000|  0%| F|  |TAMS 0x0000000086900000, 0x0000000086900000| Untracked 
|  74|0x0000000086a00000, 0x0000000086a00000, 0x0000000086b00000|  0%| F|  |TAMS 0x0000000086a00000, 0x0000000086a00000| Untracked 
|  75|0x0000000086b00000, 0x0000000086b00000, 0x0000000086c00000|  0%| F|  |TAMS 0x0000000086b00000, 0x0000000086b00000| Untracked 
|  76|0x0000000086c00000, 0x0000000086c00000, 0x0000000086d00000|  0%| F|  |TAMS 0x0000000086c00000, 0x0000000086c00000| Untracked 
|  77|0x0000000086d00000, 0x0000000086d00000, 0x0000000086e00000|  0%| F|  |TAMS 0x0000000086d00000, 0x0000000086d00000| Untracked 
|  78|0x0000000086e00000, 0x0000000086e00000, 0x0000000086f00000|  0%| F|  |TAMS 0x0000000086e00000, 0x0000000086e00000| Untracked 
|  79|0x0000000086f00000, 0x0000000086f00000, 0x0000000087000000|  0%| F|  |TAMS 0x0000000086f00000, 0x0000000086f00000| Untracked 
|  80|0x0000000087000000, 0x0000000087000000, 0x0000000087100000|  0%| F|  |TAMS 0x0000000087000000, 0x0000000087000000| Untracked 
|  81|0x0000000087100000, 0x0000000087100000, 0x0000000087200000|  0%| F|  |TAMS 0x0000000087100000, 0x0000000087100000| Untracked 
|  82|0x0000000087200000, 0x0000000087200000, 0x0000000087300000|  0%| F|  |TAMS 0x0000000087200000, 0x0000000087200000| Untracked 
|  83|0x0000000087300000, 0x0000000087300000, 0x0000000087400000|  0%| F|  |TAMS 0x0000000087300000, 0x0000000087300000| Untracked 
|  84|0x0000000087400000, 0x0000000087400000, 0x0000000087500000|  0%| F|  |TAMS 0x0000000087400000, 0x0000000087400000| Untracked 
|  85|0x0000000087500000, 0x0000000087500000, 0x0000000087600000|  0%| F|  |TAMS 0x0000000087500000, 0x0000000087500000| Untracked 
|  86|0x0000000087600000, 0x0000000087600000, 0x0000000087700000|  0%| F|  |TAMS 0x0000000087600000, 0x0000000087600000| Untracked 
|  87|0x0000000087700000, 0x0000000087700000, 0x0000000087800000|  0%| F|  |TAMS 0x0000000087700000, 0x0000000087700000| Untracked 
|  88|0x0000000087800000, 0x0000000087800000, 0x0000000087900000|  0%| F|  |TAMS 0x0000000087800000, 0x0000000087800000| Untracked 
|  89|0x0000000087900000, 0x0000000087900000, 0x0000000087a00000|  0%| F|  |TAMS 0x0000000087900000, 0x0000000087900000| Untracked 
|  90|0x0000000087a00000, 0x0000000087a00000, 0x0000000087b00000|  0%| F|  |TAMS 0x0000000087a00000, 0x0000000087a00000| Untracked 
|  91|0x0000000087b00000, 0x0000000087b00000, 0x0000000087c00000|  0%| F|  |TAMS 0x0000000087b00000, 0x0000000087b00000| Untracked 
|  92|0x0000000087c00000, 0x0000000087c00000, 0x0000000087d00000|  0%| F|  |TAMS 0x0000000087c00000, 0x0000000087c00000| Untracked 
|  93|0x0000000087d00000, 0x0000000087d00000, 0x0000000087e00000|  0%| F|  |TAMS 0x0000000087d00000, 0x0000000087d00000| Untracked 
|  94|0x0000000087e00000, 0x0000000087e00000, 0x0000000087f00000|  0%| F|  |TAMS 0x0000000087e00000, 0x0000000087e00000| Untracked 
|  95|0x0000000087f00000, 0x0000000087f00000, 0x0000000088000000|  0%| F|  |TAMS 0x0000000087f00000, 0x0000000087f00000| Untracked 
|  96|0x0000000088000000, 0x0000000088000000, 0x0000000088100000|  0%| F|  |TAMS 0x0000000088000000, 0x0000000088000000| Untracked 
|  97|0x0000000088100000, 0x0000000088100000, 0x0000000088200000|  0%| F|  |TAMS 0x0000000088100000, 0x0000000088100000| Untracked 
|  98|0x0000000088200000, 0x0000000088200000, 0x0000000088300000|  0%| F|  |TAMS 0x0000000088200000, 0x0000000088200000| Untracked 
|  99|0x0000000088300000, 0x0000000088300000, 0x0000000088400000|  0%| F|  |TAMS 0x0000000088300000, 0x0000000088300000| Untracked 
| 100|0x0000000088400000, 0x0000000088400000, 0x0000000088500000|  0%| F|  |TAMS 0x0000000088400000, 0x0000000088400000| Untracked 
| 101|0x0000000088500000, 0x0000000088500000, 0x0000000088600000|  0%| F|  |TAMS 0x0000000088500000, 0x0000000088500000| Untracked 
| 102|0x0000000088600000, 0x0000000088600000, 0x0000000088700000|  0%| F|  |TAMS 0x0000000088600000, 0x0000000088600000| Untracked 
| 103|0x0000000088700000, 0x0000000088700000, 0x0000000088800000|  0%| F|  |TAMS 0x0000000088700000, 0x0000000088700000| Untracked 
| 104|0x0000000088800000, 0x0000000088800000, 0x0000000088900000|  0%| F|  |TAMS 0x0000000088800000, 0x0000000088800000| Untracked 
| 105|0x0000000088900000, 0x0000000088900000, 0x0000000088a00000|  0%| F|  |TAMS 0x0000000088900000, 0x0000000088900000| Untracked 
| 106|0x0000000088a00000, 0x0000000088a00000, 0x0000000088b00000|  0%| F|  |TAMS 0x0000000088a00000, 0x0000000088a00000| Untracked 
| 107|0x0000000088b00000, 0x0000000088b00000, 0x0000000088c00000|  0%| F|  |TAMS 0x0000000088b00000, 0x0000000088b00000| Untracked 
| 108|0x0000000088c00000, 0x0000000088c00000, 0x0000000088d00000|  0%| F|  |TAMS 0x0000000088c00000, 0x0000000088c00000| Untracked 
| 109|0x0000000088d00000, 0x0000000088d00000, 0x0000000088e00000|  0%| F|  |TAMS 0x0000000088d00000, 0x0000000088d00000| Untracked 
| 110|0x0000000088e00000, 0x0000000088e00000, 0x0000000088f00000|  0%| F|  |TAMS 0x0000000088e00000, 0x0000000088e00000| Untracked 
| 111|0x0000000088f00000, 0x0000000088f00000, 0x0000000089000000|  0%| F|  |TAMS 0x0000000088f00000, 0x0000000088f00000| Untracked 
| 112|0x0000000089000000, 0x0000000089000000, 0x0000000089100000|  0%| F|  |TAMS 0x0000000089000000, 0x0000000089000000| Untracked 
| 113|0x0000000089100000, 0x0000000089100000, 0x0000000089200000|  0%| F|  |TAMS 0x0000000089100000, 0x0000000089100000| Untracked 
| 114|0x0000000089200000, 0x0000000089200000, 0x0000000089300000|  0%| F|  |TAMS 0x0000000089200000, 0x0000000089200000| Untracked 
| 115|0x0000000089300000, 0x0000000089300000, 0x0000000089400000|  0%| F|  |TAMS 0x0000000089300000, 0x0000000089300000| Untracked 
| 116|0x0000000089400000, 0x0000000089400000, 0x0000000089500000|  0%| F|  |TAMS 0x0000000089400000, 0x0000000089400000| Untracked 
| 117|0x0000000089500000, 0x0000000089500000, 0x0000000089600000|  0%| F|  |TAMS 0x0000000089500000, 0x0000000089500000| Untracked 
| 118|0x0000000089600000, 0x0000000089600000, 0x0000000089700000|  0%| F|  |TAMS 0x0000000089600000, 0x0000000089600000| Untracked 
| 119|0x0000000089700000, 0x0000000089700000, 0x0000000089800000|  0%| F|  |TAMS 0x0000000089700000, 0x0000000089700000| Untracked 
| 120|0x0000000089800000, 0x0000000089800000, 0x0000000089900000|  0%| F|  |TAMS 0x0000000089800000, 0x0000000089800000| Untracked 
| 121|0x0000000089900000, 0x0000000089900000, 0x0000000089a00000|  0%| F|  |TAMS 0x0000000089900000, 0x0000000089900000| Untracked 
| 122|0x0000000089a00000, 0x0000000089a00000, 0x0000000089b00000|  0%| F|  |TAMS 0x0000000089a00000, 0x0000000089a00000| Untracked 
| 123|0x0000000089b00000, 0x0000000089b00000, 0x0000000089c00000|  0%| F|  |TAMS 0x0000000089b00000, 0x0000000089b00000| Untracked 
| 124|0x0000000089c00000, 0x0000000089c00000, 0x0000000089d00000|  0%| F|  |TAMS 0x0000000089c00000, 0x0000000089c00000| Untracked 
| 125|0x0000000089d00000, 0x0000000089d87cf8, 0x0000000089e00000| 53%| S|CS|TAMS 0x0000000089d00000, 0x0000000089d00000| Complete 
|2010|0x00000000ffa00000, 0x00000000ffb00000, 0x00000000ffb00000|100%| O|  |TAMS 0x00000000ffb00000, 0x00000000ffa00000| Untracked 
|2011|0x00000000ffb00000, 0x00000000ffb00000, 0x00000000ffc00000|  0%| F|  |TAMS 0x00000000ffb00000, 0x00000000ffb00000| Untracked 
|2012|0x00000000ffc00000, 0x00000000ffc00000, 0x00000000ffd00000|  0%| F|  |TAMS 0x00000000ffc00000, 0x00000000ffc00000| Untracked 
|2013|0x00000000ffd00000, 0x00000000ffd00000, 0x00000000ffe00000|  0%| F|  |TAMS 0x00000000ffd00000, 0x00000000ffd00000| Untracked 
|2014|0x00000000ffe00000, 0x00000000ffe00000, 0x00000000fff00000|  0%| F|  |TAMS 0x00000000ffe00000, 0x00000000ffe00000| Untracked 
|2015|0x00000000fff00000, 0x00000000fff00000, 0x0000000100000000|  0%| F|  |TAMS 0x00000000fff00000, 0x00000000fff00000| Untracked 

Card table byte_map: [0x00000243e2d00000,0x00000243e30f0000] _byte_map_base: 0x00000243e28f0000

Marking Bits (Prev, Next): (CMBitMap*) 0x00000243cbd6c550, (CMBitMap*) 0x00000243cbd6c510
 Prev Bits: [0x00000243e5460000, 0x00000243e73e0000)
 Next Bits: [0x00000243e34e0000, 0x00000243e5460000)

Polling page: 0x00000243c9c30000

Metaspace:

Usage:
  Non-class:     23.94 MB used.
      Class:      3.01 MB used.
       Both:     26.94 MB used.

Virtual space:
  Non-class space:       64.00 MB reserved,      24.12 MB ( 38%) committed,  1 nodes.
      Class space:        1.00 GB reserved,       3.12 MB ( <1%) committed,  1 nodes.
             Both:        1.06 GB reserved,      27.25 MB (  3%) committed. 

Chunk freelists:
   Non-Class:  7.47 MB
       Class:  12.82 MB
        Both:  20.29 MB

MaxMetaspaceSize: unlimited
CompressedClassSpaceSize: 1.00 GB
Initial GC threshold: 21.00 MB
Current GC threshold: 41.88 MB
CDS: on
MetaspaceReclaimPolicy: balanced
 - commit_granule_bytes: 65536.
 - commit_granule_words: 8192.
 - virtual_space_node_default_size: 8388608.
 - enlarge_chunks_in_place: 1.
 - new_chunks_are_fully_committed: 0.
 - uncommit_free_chunks: 1.
 - use_allocation_guard: 0.
 - handle_deallocations: 1.


Internal statistics:

num_allocs_failed_limit: 3.
num_arena_births: 192.
num_arena_deaths: 0.
num_vsnodes_births: 2.
num_vsnodes_deaths: 0.
num_space_committed: 436.
num_space_uncommitted: 0.
num_chunks_returned_to_freelist: 3.
num_chunks_taken_from_freelist: 1195.
num_chunk_merges: 3.
num_chunk_splits: 825.
num_chunks_enlarged: 649.
num_inconsistent_stats: 0.

CodeHeap 'non-profiled nmethods': size=120000Kb used=3101Kb max_used=3352Kb free=116898Kb
 bounds [0x00000243db0a0000, 0x00000243db3f0000, 0x00000243e25d0000]
CodeHeap 'profiled nmethods': size=120000Kb used=11462Kb max_used=12819Kb free=108537Kb
 bounds [0x00000243d35d0000, 0x00000243d4260000, 0x00000243dab00000]
CodeHeap 'non-nmethods': size=5760Kb used=1222Kb max_used=1295Kb free=4537Kb
 bounds [0x00000243dab00000, 0x00000243dad70000, 0x00000243db0a0000]
 total_blobs=5933 nmethods=5406 adapters=439
 compilation: enabled
              stopped_count=0, restarted_count=0
 full_count=0

Compilation events (20 events):
Event: 9.027 Thread 0x00000243e9e06210 nmethod 6238 0x00000243db19d510 code [0x00000243db19d6a0, 0x00000243db19d778]
Event: 9.027 Thread 0x00000243e9e06210 6242   !   4       java.util.jar.JarFile::checkForSpecialAttributes (163 bytes)
Event: 9.035 Thread 0x00000243e9e08230 6245       3       java.lang.invoke.MethodHandles$Lookup::resolveOrFail (44 bytes)
Event: 9.036 Thread 0x00000243e9e08230 nmethod 6245 0x00000243d39bec10 code [0x00000243d39beec0, 0x00000243d39bfb88]
Event: 9.036 Thread 0x00000243e9e08230 6247   !   3       java.lang.invoke.MethodHandles$Lookup::canBeCached (150 bytes)
Event: 9.039 Thread 0x00000243e9e08230 nmethod 6247 0x00000243d37b9f10 code [0x00000243d37ba360, 0x00000243d37bc688]
Event: 9.040 Thread 0x00000243e9e08230 6246       3       java.lang.invoke.MethodHandles$Lookup::getDirectMethodForConstant (72 bytes)
Event: 9.041 Thread 0x00000243e9e08230 nmethod 6246 0x00000243d3e44d90 code [0x00000243d3e450e0, 0x00000243d3e463e8]
Event: 9.041 Thread 0x00000243e9e08230 6248       3       java.lang.invoke.MemberName::changeReferenceKind (60 bytes)
Event: 9.041 Thread 0x00000243e9e08230 nmethod 6248 0x00000243d397e790 code [0x00000243d397e920, 0x00000243d397ea58]
Event: 9.043 Thread 0x00000243e9e08230 6249       3       java.lang.Class::protectionDomain (48 bytes)
Event: 9.043 Thread 0x00000243e9e08230 nmethod 6249 0x00000243d37eb210 code [0x00000243d37eb440, 0x00000243d37eba98]
Event: 9.043 Thread 0x00000243e9e08230 6252       3       java.lang.invoke.MethodHandles$Lookup::lookupClassProtectionDomain (29 bytes)
Event: 9.044 Thread 0x00000243e9e08230 nmethod 6252 0x00000243d3d04910 code [0x00000243d3d04ae0, 0x00000243d3d04de8]
Event: 9.044 Thread 0x00000243e9e08230 6253       3       java.lang.System$2::protectionDomain (5 bytes)
Event: 9.044 Thread 0x00000243e9e08230 nmethod 6253 0x00000243d3de0c90 code [0x00000243d3de0e40, 0x00000243d3de0f88]
Event: 9.048 Thread 0x00000243e9e08230 6254       1       java.util.logging.Logger::getName (5 bytes)
Event: 9.048 Thread 0x00000243e9e08230 nmethod 6254 0x00000243db1d1b90 code [0x00000243db1d1d20, 0x00000243db1d1df8]
Event: 9.052 Thread 0x00000243e9e08230 6255  s!   3       org.apache.maven.surefire.booter.IsolatedClassLoader::loadClass (53 bytes)
Event: 9.053 Thread 0x00000243e9e08230 nmethod 6255 0x00000243d384fb90 code [0x00000243d384fda0, 0x00000243d3850468]

GC Heap History (20 events):
Event: 5.087 GC heap after
{Heap after GC invocations=5 (full 0):
 garbage-first heap   total 129024K, used 24690K [0x0000000082000000, 0x0000000100000000)
  region size 1024K, 9 young (9216K), 9 survivors (9216K)
 Metaspace       used 21246K, committed 21504K, reserved 1114112K
  class space    used 2432K, committed 2560K, reserved 1048576K
}
Event: 6.044 GC heap before
{Heap before GC invocations=6 (full 0):
 garbage-first heap   total 89088K, used 70770K [0x0000000082000000, 0x0000000100000000)
  region size 1024K, 53 young (54272K), 9 survivors (9216K)
 Metaspace       used 24014K, committed 24320K, reserved 1114112K
  class space    used 2736K, committed 2880K, reserved 1048576K
}
Event: 6.077 GC heap after
{Heap after GC invocations=7 (full 0):
 garbage-first heap   total 95232K, used 38581K [0x0000000082000000, 0x0000000100000000)
  region size 1024K, 10 young (10240K), 10 survivors (10240K)
 Metaspace       used 24014K, committed 24320K, reserved 1114112K
  class space    used 2736K, committed 2880K, reserved 1048576K
}
Event: 6.984 GC heap before
{Heap before GC invocations=7 (full 0):
 garbage-first heap   total 95232K, used 71349K [0x0000000082000000, 0x0000000100000000)
  region size 1024K, 39 young (39936K), 10 survivors (10240K)
 Metaspace       used 24556K, committed 24896K, reserved 1114112K
  class space    used 2790K, committed 2944K, reserved 1048576K
}
Event: 7.002 GC heap after
{Heap after GC invocations=8 (full 0):
 garbage-first heap   total 95232K, used 47090K [0x0000000082000000, 0x0000000100000000)
  region size 1024K, 5 young (5120K), 5 survivors (5120K)
 Metaspace       used 24556K, committed 24896K, reserved 1114112K
  class space    used 2790K, committed 2944K, reserved 1048576K
}
Event: 7.259 GC heap before
{Heap before GC invocations=8 (full 0):
 garbage-first heap   total 95232K, used 67570K [0x0000000082000000, 0x0000000100000000)
  region size 1024K, 24 young (24576K), 5 survivors (5120K)
 Metaspace       used 24565K, committed 24896K, reserved 1114112K
  class space    used 2790K, committed 2944K, reserved 1048576K
}
Event: 7.273 GC heap after
{Heap after GC invocations=9 (full 0):
 garbage-first heap   total 95232K, used 55282K [0x0000000082000000, 0x0000000100000000)
  region size 1024K, 3 young (3072K), 3 survivors (3072K)
 Metaspace       used 24565K, committed 24896K, reserved 1114112K
  class space    used 2790K, committed 2944K, reserved 1048576K
}
Event: 7.584 GC heap before
{Heap before GC invocations=9 (full 0):
 garbage-first heap   total 95232K, used 69618K [0x0000000082000000, 0x0000000100000000)
  region size 1024K, 17 young (17408K), 3 survivors (3072K)
 Metaspace       used 24577K, committed 24896K, reserved 1114112K
  class space    used 2790K, committed 2944K, reserved 1048576K
}
Event: 7.593 GC heap after
{Heap after GC invocations=10 (full 0):
 garbage-first heap   total 118784K, used 60914K [0x0000000082000000, 0x0000000100000000)
  region size 1024K, 3 young (3072K), 3 survivors (3072K)
 Metaspace       used 24577K, committed 24896K, reserved 1114112K
  class space    used 2790K, committed 2944K, reserved 1048576K
}
Event: 8.001 GC heap before
{Heap before GC invocations=11 (full 0):
 garbage-first heap   total 118784K, used 84466K [0x0000000082000000, 0x0000000100000000)
  region size 1024K, 25 young (25600K), 3 survivors (3072K)
 Metaspace       used 24988K, committed 25280K, reserved 1114112K
  class space    used 2829K, committed 2944K, reserved 1048576K
}
Event: 8.017 GC heap after
{Heap after GC invocations=12 (full 0):
 garbage-first heap   total 118784K, used 67570K [0x0000000082000000, 0x0000000100000000)
  region size 1024K, 4 young (4096K), 4 survivors (4096K)
 Metaspace       used 24988K, committed 25280K, reserved 1114112K
  class space    used 2829K, committed 2944K, reserved 1048576K
}
Event: 8.038 GC heap before
{Heap before GC invocations=12 (full 0):
 garbage-first heap   total 118784K, used 68594K [0x0000000082000000, 0x0000000100000000)
  region size 1024K, 5 young (5120K), 4 survivors (4096K)
 Metaspace       used 25011K, committed 25280K, reserved 1114112K
  class space    used 2829K, committed 2944K, reserved 1048576K
}
Event: 8.048 GC heap after
{Heap after GC invocations=13 (full 0):
 garbage-first heap   total 118784K, used 64632K [0x0000000082000000, 0x0000000100000000)
  region size 1024K, 1 young (1024K), 1 survivors (1024K)
 Metaspace       used 25011K, committed 25280K, reserved 1114112K
  class space    used 2829K, committed 2944K, reserved 1048576K
}
Event: 8.474 GC heap before
{Heap before GC invocations=13 (full 0):
 garbage-first heap   total 118784K, used 86136K [0x0000000082000000, 0x0000000100000000)
  region size 1024K, 22 young (22528K), 1 survivors (1024K)
 Metaspace       used 25300K, committed 25600K, reserved 1114112K
  class space    used 2836K, committed 3008K, reserved 1048576K
}
Event: 8.480 GC heap after
{Heap after GC invocations=14 (full 0):
 garbage-first heap   total 118784K, used 64770K [0x0000000082000000, 0x0000000100000000)
  region size 1024K, 2 young (2048K), 2 survivors (2048K)
 Metaspace       used 25300K, committed 25600K, reserved 1114112K
  class space    used 2836K, committed 3008K, reserved 1048576K
}
Event: 8.909 GC heap before
{Heap before GC invocations=15 (full 0):
 garbage-first heap   total 118784K, used 83202K [0x0000000082000000, 0x0000000100000000)
  region size 1024K, 25 young (25600K), 2 survivors (2048K)
 Metaspace       used 26856K, committed 27200K, reserved 1114112K
  class space    used 2975K, committed 3136K, reserved 1048576K
}
Event: 8.916 GC heap after
{Heap after GC invocations=16 (full 0):
 garbage-first heap   total 118784K, used 67167K [0x0000000082000000, 0x0000000100000000)
  region size 1024K, 4 young (4096K), 4 survivors (4096K)
 Metaspace       used 26856K, committed 27200K, reserved 1114112K
  class space    used 2975K, committed 3136K, reserved 1048576K
}
Event: 8.931 GC heap before
{Heap before GC invocations=16 (full 0):
 garbage-first heap   total 118784K, used 67167K [0x0000000082000000, 0x0000000100000000)
  region size 1024K, 5 young (5120K), 4 survivors (4096K)
 Metaspace       used 26856K, committed 27200K, reserved 1114112K
  class space    used 2975K, committed 3136K, reserved 1048576K
}
Event: 8.936 GC heap after
{Heap after GC invocations=17 (full 0):
 garbage-first heap   total 118784K, used 53776K [0x0000000082000000, 0x0000000100000000)
  region size 1024K, 1 young (1024K), 1 survivors (1024K)
 Metaspace       used 26856K, committed 27200K, reserved 1114112K
  class space    used 2975K, committed 3136K, reserved 1048576K
}
Event: 9.066 GC heap before
{Heap before GC invocations=17 (full 0):
 garbage-first heap   total 118784K, used 57872K [0x0000000082000000, 0x0000000100000000)
  region size 1024K, 5 young (5120K), 1 survivors (1024K)
 Metaspace       used 27590K, committed 27904K, reserved 1114112K
  class space    used 3079K, committed 3200K, reserved 1048576K
}

Deoptimization events (20 events):
Event: 8.972 Thread 0x00000243cbd0bc20 Uncommon trap: trap_request=0xffffff66 fr.pc=0x00000243db39fc78 relative=0x0000000000000058
Event: 8.972 Thread 0x00000243cbd0bc20 Uncommon trap: reason=speculate_class_check action=maybe_recompile pc=0x00000243db39fc78 method=java.lang.invoke.Invokers$Holder.linkToTargetMethod(Ljava/lang/Object;Ljava/lang/Object;)Ljava/lang/Object; @ 1 c2
Event: 8.972 Thread 0x00000243cbd0bc20 DEOPT PACKING pc=0x00000243db39fc78 sp=0x0000004db87fc440
Event: 8.972 Thread 0x00000243cbd0bc20 DEOPT UNPACKING pc=0x00000243dab523a3 sp=0x0000004db87fc3d0 mode 2
Event: 8.972 Thread 0x00000243cbd0bc20 Uncommon trap: trap_request=0xffffff66 fr.pc=0x00000243db39fc78 relative=0x0000000000000058
Event: 8.972 Thread 0x00000243cbd0bc20 Uncommon trap: reason=speculate_class_check action=maybe_recompile pc=0x00000243db39fc78 method=java.lang.invoke.Invokers$Holder.linkToTargetMethod(Ljava/lang/Object;Ljava/lang/Object;)Ljava/lang/Object; @ 1 c2
Event: 8.972 Thread 0x00000243cbd0bc20 DEOPT PACKING pc=0x00000243db39fc78 sp=0x0000004db87fc440
Event: 8.972 Thread 0x00000243cbd0bc20 DEOPT UNPACKING pc=0x00000243dab523a3 sp=0x0000004db87fc3d0 mode 2
Event: 8.973 Thread 0x00000243cbd0bc20 Uncommon trap: trap_request=0xffffff45 fr.pc=0x00000243db13595c relative=0x00000000000012dc
Event: 8.973 Thread 0x00000243cbd0bc20 Uncommon trap: reason=unstable_if action=reinterpret pc=0x00000243db13595c method=java.io.FileSystem.hasBooleanAttributes(Ljava/io/File;I)Z @ 8 c2
Event: 8.973 Thread 0x00000243cbd0bc20 DEOPT PACKING pc=0x00000243db13595c sp=0x0000004db87fc370
Event: 8.973 Thread 0x00000243cbd0bc20 DEOPT UNPACKING pc=0x00000243dab523a3 sp=0x0000004db87fc1e8 mode 2
Event: 8.982 Thread 0x00000243cbd0bc20 Uncommon trap: trap_request=0xffffff45 fr.pc=0x00000243db2f8958 relative=0x0000000000000058
Event: 8.982 Thread 0x00000243cbd0bc20 Uncommon trap: reason=unstable_if action=reinterpret pc=0x00000243db2f8958 method=java.util.regex.Pattern.has(I)Z @ 6 c2
Event: 8.982 Thread 0x00000243cbd0bc20 DEOPT PACKING pc=0x00000243db2f8958 sp=0x0000004db87fb7a0
Event: 8.982 Thread 0x00000243cbd0bc20 DEOPT UNPACKING pc=0x00000243dab523a3 sp=0x0000004db87fb730 mode 2
Event: 9.056 Thread 0x00000243cbd0bc20 Uncommon trap: trap_request=0xffffff45 fr.pc=0x00000243db3a18e0 relative=0x0000000000000380
Event: 9.056 Thread 0x00000243cbd0bc20 Uncommon trap: reason=unstable_if action=reinterpret pc=0x00000243db3a18e0 method=java.util.regex.Pattern.escape(ZZZ)I @ 8 c2
Event: 9.056 Thread 0x00000243cbd0bc20 DEOPT PACKING pc=0x00000243db3a18e0 sp=0x0000004db87fb390
Event: 9.056 Thread 0x00000243cbd0bc20 DEOPT UNPACKING pc=0x00000243dab523a3 sp=0x0000004db87fb330 mode 2

Classes unloaded (0 events):
No events

Classes redefined (0 events):
No events

Internal exceptions (20 events):
Event: 8.052 Thread 0x00000243cbd0bc20 Exception <a 'sun/nio/fs/WindowsException'{0x00000000ffe24210}> (0x00000000ffe24210) 
thrown [s\open\src\hotspot\share\prims\jni.cpp, line 516]
Event: 8.058 Thread 0x00000243cbd0bc20 Exception <a 'sun/nio/fs/WindowsException'{0x00000000ffe56128}> (0x00000000ffe56128) 
thrown [s\open\src\hotspot\share\prims\jni.cpp, line 516]
Event: 8.058 Thread 0x00000243cbd0bc20 Exception <a 'sun/nio/fs/WindowsException'{0x00000000ffe56468}> (0x00000000ffe56468) 
thrown [s\open\src\hotspot\share\prims\jni.cpp, line 516]
Event: 8.059 Thread 0x00000243cbd0bc20 Exception <a 'sun/nio/fs/WindowsException'{0x00000000ffe578b8}> (0x00000000ffe578b8) 
thrown [s\open\src\hotspot\share\prims\jni.cpp, line 516]
Event: 8.059 Thread 0x00000243cbd0bc20 Exception <a 'sun/nio/fs/WindowsException'{0x00000000ffe57bd8}> (0x00000000ffe57bd8) 
thrown [s\open\src\hotspot\share\prims\jni.cpp, line 516]
Event: 8.059 Thread 0x00000243cbd0bc20 Exception <a 'sun/nio/fs/WindowsException'{0x00000000ffe68af0}> (0x00000000ffe68af0) 
thrown [s\open\src\hotspot\share\prims\jni.cpp, line 516]
Event: 8.059 Thread 0x00000243cbd0bc20 Exception <a 'sun/nio/fs/WindowsException'{0x00000000ffe68dc0}> (0x00000000ffe68dc0) 
thrown [s\open\src\hotspot\share\prims\jni.cpp, line 516]
Event: 8.060 Thread 0x00000243cbd0bc20 Exception <a 'sun/nio/fs/WindowsException'{0x00000000ffe9a068}> (0x00000000ffe9a068) 
thrown [s\open\src\hotspot\share\prims\jni.cpp, line 516]
Event: 8.060 Thread 0x00000243cbd0bc20 Exception <a 'sun/nio/fs/WindowsException'{0x00000000ffe9a388}> (0x00000000ffe9a388) 
thrown [s\open\src\hotspot\share\prims\jni.cpp, line 516]
Event: 8.061 Thread 0x00000243cbd0bc20 Exception <a 'sun/nio/fs/WindowsException'{0x00000000ffe9b898}> (0x00000000ffe9b898) 
thrown [s\open\src\hotspot\share\prims\jni.cpp, line 516]
Event: 8.061 Thread 0x00000243cbd0bc20 Exception <a 'sun/nio/fs/WindowsException'{0x00000000ffe9bc78}> (0x00000000ffe9bc78) 
thrown [s\open\src\hotspot\share\prims\jni.cpp, line 516]
Event: 8.070 Thread 0x00000243cbd0bc20 Exception <a 'sun/nio/fs/WindowsException'{0x00000000ffc205c8}> (0x00000000ffc205c8) 
thrown [s\open\src\hotspot\share\prims\jni.cpp, line 516]
Event: 8.103 Thread 0x00000243cbd0bc20 Exception <a 'sun/nio/fs/WindowsException'{0x00000000ffb12e40}> (0x00000000ffb12e40) 
thrown [s\open\src\hotspot\share\prims\jni.cpp, line 516]
Event: 8.112 Thread 0x00000243cbd0bc20 Exception <a 'sun/nio/fs/WindowsException'{0x00000000ffb369d8}> (0x00000000ffb369d8) 
thrown [s\open\src\hotspot\share\prims\jni.cpp, line 516]
Event: 8.129 Thread 0x00000243cbd0bc20 Exception <a 'sun/nio/fs/WindowsException'{0x00000000ffb9a7e0}> (0x00000000ffb9a7e0) 
thrown [s\open\src\hotspot\share\prims\jni.cpp, line 516]
Event: 8.136 Thread 0x00000243cbd0bc20 Exception <a 'sun/nio/fs/WindowsException'{0x00000000ffbc08d0}> (0x00000000ffbc08d0) 
thrown [s\open\src\hotspot\share\prims\jni.cpp, line 516]
Event: 8.647 Thread 0x00000243efb12480 Exception <a 'java/lang/NoSuchMethodError'{0x0000000088ff20f0}: 'java.lang.Object java.lang.invoke.DirectMethodHandle$Holder.invokeStaticInit(java.lang.Object, java.lang.Object, long, java.lang.Object)'> (0x0000000088ff20f0) 
thrown [s\open\src\hotspot\share\interpreter\linkResolver.cpp, line 759]
Event: 8.648 Thread 0x00000243efb12480 Exception <a 'java/lang/NoSuchMethodError'{0x0000000088ff8830}: 'java.lang.Object java.lang.invoke.DirectMethodHandle$Holder.newInvokeSpecial(java.lang.Object, java.lang.Object, long)'> (0x0000000088ff8830) 
thrown [s\open\src\hotspot\share\interpreter\linkResolver.cpp, line 759]
Event: 8.648 Thread 0x00000243efb12480 Exception <a 'java/lang/NoSuchMethodError'{0x0000000088ffc3a0}: 'java.lang.Object java.lang.invoke.Invokers$Holder.linkToTargetMethod(java.lang.Object, long, java.lang.Object)'> (0x0000000088ffc3a0) 
thrown [s\open\src\hotspot\share\interpreter\linkResolver.cpp, line 759]
Event: 9.056 Thread 0x00000243cbd0bc20 Exception <a 'java/lang/NoSuchMethodError'{0x00000000ffba8268}: 'java.lang.Object java.lang.invoke.DirectMethodHandle$Holder.invokeStaticInit(java.lang.Object, int)'> (0x00000000ffba8268) 
thrown [s\open\src\hotspot\share\interpreter\linkResolver.cpp, line 759]

VM Operations (20 events):
Event: 8.292 Executing VM operation: HandshakeAllThreads done
Event: 8.355 Executing VM operation: ICBufferFull
Event: 8.355 Executing VM operation: ICBufferFull done
Event: 8.474 Executing VM operation: G1CollectForAllocation
Event: 8.480 Executing VM operation: G1CollectForAllocation done
Event: 8.513 Executing VM operation: G1Concurrent
Event: 8.519 Executing VM operation: G1Concurrent done
Event: 8.537 Executing VM operation: G1Concurrent
Event: 8.537 Executing VM operation: G1Concurrent done
Event: 8.628 Executing VM operation: HandshakeAllThreads
Event: 8.628 Executing VM operation: HandshakeAllThreads done
Event: 8.654 Executing VM operation: HandshakeAllThreads
Event: 8.654 Executing VM operation: HandshakeAllThreads done
Event: 8.909 Executing VM operation: G1CollectForAllocation
Event: 8.916 Executing VM operation: G1CollectForAllocation done
Event: 8.931 Executing VM operation: G1CollectForAllocation
Event: 8.936 Executing VM operation: G1CollectForAllocation done
Event: 8.971 Executing VM operation: HandshakeAllThreads
Event: 8.971 Executing VM operation: HandshakeAllThreads done
Event: 9.066 Executing VM operation: G1CollectForAllocation

Events (20 events):
Event: 8.650 loading class java/util/concurrent/SynchronousQueue$TransferStack$SNode done
Event: 8.650 Thread 0x00000243efb12480 Thread exited: 0x00000243efb12480
Event: 8.653 loading class java/security/AccessControlException
Event: 8.653 loading class java/security/AccessControlException done
Event: 8.658 loading class sun/security/provider/SHA
Event: 8.659 loading class sun/security/provider/SHA done
Event: 8.659 loading class sun/security/provider/ByteArrayAccess$BE
Event: 8.659 loading class sun/security/provider/ByteArrayAccess$BE done
Event: 8.685 loading class java/lang/invoke/DirectMethodHandle$Special
Event: 8.685 loading class java/lang/invoke/DirectMethodHandle$Special done
Event: 8.813 loading class java/util/Collections$CheckedRandomAccessList
Event: 8.814 loading class java/util/Collections$CheckedList
Event: 8.814 loading class java/util/Collections$CheckedCollection
Event: 8.814 loading class java/util/Collections$CheckedCollection done
Event: 8.814 loading class java/util/Collections$CheckedList done
Event: 8.814 loading class java/util/Collections$CheckedRandomAccessList done
Event: 9.057 loading class java/net/URLEncoder
Event: 9.057 loading class java/net/URLEncoder done
Event: 9.057 loading class java/io/CharArrayWriter
Event: 9.058 loading class java/io/CharArrayWriter done


Dynamic libraries:
0x00007ff6cd350000 - 0x00007ff6cd360000 	C:\Program Files\Java\jdk-17\bin\java.exe
0x00007ffc855e0000 - 0x00007ffc85847000 	C:\WINDOWS\SYSTEM32\ntdll.dll
0x00007ffc83950000 - 0x00007ffc83a19000 	C:\WINDOWS\System32\KERNEL32.DLL
0x00007ffc82860000 - 0x00007ffc82c4f000 	C:\WINDOWS\System32\KERNELBASE.dll
0x00007ffc83230000 - 0x00007ffc8337b000 	C:\WINDOWS\System32\ucrtbase.dll
0x00007ffc6ae90000 - 0x00007ffc6aea9000 	C:\Program Files\Java\jdk-17\bin\jli.dll
0x00007ffc6a7e0000 - 0x00007ffc6a7fb000 	C:\Program Files\Java\jdk-17\bin\VCRUNTIME140.dll
0x00007ffc83ad0000 - 0x00007ffc83b84000 	C:\WINDOWS\System32\ADVAPI32.dll
0x00007ffc83fd0000 - 0x00007ffc84079000 	C:\WINDOWS\System32\msvcrt.dll
0x00007ffc83c20000 - 0x00007ffc83cc6000 	C:\WINDOWS\System32\sechost.dll
0x00007ffc849a0000 - 0x00007ffc84ab8000 	C:\WINDOWS\System32\RPCRT4.dll
0x00007ffc853d0000 - 0x00007ffc85595000 	C:\WINDOWS\System32\USER32.dll
0x00007ffc6ca10000 - 0x00007ffc6cca3000 	C:\WINDOWS\WinSxS\amd64_microsoft.windows.common-controls_6595b64144ccf1df_6.0.26100.7309_none_3e05feeae336a044\COMCTL32.dll
0x00007ffc82e80000 - 0x00007ffc82ea7000 	C:\WINDOWS\System32\win32u.dll
0x00007ffc83aa0000 - 0x00007ffc83acb000 	C:\WINDOWS\System32\GDI32.dll
0x00007ffc82730000 - 0x00007ffc8285c000 	C:\WINDOWS\System32\gdi32full.dll
0x00007ffc78970000 - 0x00007ffc7897b000 	C:\WINDOWS\SYSTEM32\VERSION.dll
0x00007ffc82dd0000 - 0x00007ffc82e73000 	C:\WINDOWS\System32\msvcp_win.dll
0x00007ffc83380000 - 0x00007ffc833b1000 	C:\WINDOWS\System32\IMM32.DLL
0x00007ffc71cb0000 - 0x00007ffc71cbc000 	C:\Program Files\Java\jdk-17\bin\vcruntime140_1.dll
0x00007ffc30f90000 - 0x00007ffc3101e000 	C:\Program Files\Java\jdk-17\bin\msvcp140.dll
0x00007ffbdef60000 - 0x00007ffbdfb40000 	C:\Program Files\Java\jdk-17\bin\server\jvm.dll
0x00007ffc83fb0000 - 0x00007ffc83fb8000 	C:\WINDOWS\System32\PSAPI.DLL
0x00007ffc75870000 - 0x00007ffc7587a000 	C:\WINDOWS\SYSTEM32\WSOCK32.dll
0x00007ffc6fc30000 - 0x00007ffc6fc65000 	C:\WINDOWS\SYSTEM32\WINMM.dll
0x00007ffc83a20000 - 0x00007ffc83a94000 	C:\WINDOWS\System32\WS2_32.dll
0x00007ffc814e0000 - 0x00007ffc814fb000 	C:\WINDOWS\SYSTEM32\kernel.appcore.dll
0x00007ffc715e0000 - 0x00007ffc715ea000 	C:\Program Files\Java\jdk-17\bin\jimage.dll
0x00007ffc7f650000 - 0x00007ffc7f892000 	C:\WINDOWS\SYSTEM32\DBGHELP.DLL
0x00007ffc83440000 - 0x00007ffc837c6000 	C:\WINDOWS\System32\combase.dll
0x00007ffc83ed0000 - 0x00007ffc83fa6000 	C:\WINDOWS\System32\OLEAUT32.dll
0x00007ffc581f0000 - 0x00007ffc5822c000 	C:\WINDOWS\SYSTEM32\dbgcore.DLL
0x00007ffc82d20000 - 0x00007ffc82dc5000 	C:\WINDOWS\System32\bcryptPrimitives.dll
0x00007ffc68a60000 - 0x00007ffc68a85000 	C:\Program Files\Java\jdk-17\bin\java.dll
0x00007ffc0d350000 - 0x00007ffc0d427000 	C:\Program Files\Java\jdk-17\bin\jsvml.dll
0x00007ffc841f0000 - 0x00007ffc84943000 	C:\WINDOWS\System32\SHELL32.dll
0x00007ffc83030000 - 0x00007ffc8319a000 	C:\WINDOWS\System32\wintypes.dll
0x00007ffc80370000 - 0x00007ffc80bce000 	C:\WINDOWS\SYSTEM32\windows.storage.dll
0x00007ffc84ac0000 - 0x00007ffc84bb5000 	C:\WINDOWS\System32\SHCORE.dll
0x00007ffc83cd0000 - 0x00007ffc83d36000 	C:\WINDOWS\System32\shlwapi.dll
0x00007ffc82650000 - 0x00007ffc82679000 	C:\WINDOWS\SYSTEM32\profapi.dll
0x00007ffc6a090000 - 0x00007ffc6a0a9000 	C:\Program Files\Java\jdk-17\bin\net.dll
0x00007ffc78f60000 - 0x00007ffc79088000 	C:\WINDOWS\SYSTEM32\WINHTTP.dll
0x00007ffc81a50000 - 0x00007ffc81abb000 	C:\WINDOWS\system32\mswsock.dll
0x00007ffc68830000 - 0x00007ffc68846000 	C:\Program Files\Java\jdk-17\bin\nio.dll
0x00007ffc67dd0000 - 0x00007ffc67de8000 	C:\Program Files\Java\jdk-17\bin\zip.dll
0x0000000069ac0000 - 0x0000000069ae4000 	C:\Users\Welcome\AppData\Local\Temp\jansi-2.4.0-3f32b6f1bdbda52b-jansi.dll
0x00007ffc687b0000 - 0x00007ffc687c0000 	C:\Program Files\Java\jdk-17\bin\verify.dll
0x00007ffc81600000 - 0x00007ffc81636000 	C:\WINDOWS\SYSTEM32\ntmarta.dll

dbghelp: loaded successfully - version: 4.0.5 - missing functions: none
symbol engine: initialized successfully - sym options: 0x614 - pdb path: .;C:\Program Files\Java\jdk-17\bin;C:\WINDOWS\SYSTEM32;C:\WINDOWS\WinSxS\amd64_microsoft.windows.common-controls_6595b64144ccf1df_6.0.26100.7309_none_3e05feeae336a044;C:\Program Files\Java\jdk-17\bin\server;C:\Users\Welcome\AppData\Local\Temp

VM Arguments:
jvm_args: -Dmaven.multiModuleProjectDirectory=C:\Users\Welcome\Desktop\JPMC\forage-midas 
java_command: org.apache.maven.wrapper.MavenWrapperMain clean install -DforkCount=0
java_class_path (initial): C:\Users\Welcome\Desktop\JPMC\forage-midas\.mvn\wrapper\maven-wrapper.jar
Launcher Type: SUN_STANDARD

[Global flags]
     intx CICompilerCount                          = 4                                         {product} {ergonomic}
     uint ConcGCThreads                            = 2                                         {product} {ergonomic}
     uint G1ConcRefinementThreads                  = 8                                         {product} {ergonomic}
   size_t G1HeapRegionSize                         = 1048576                                   {product} {ergonomic}
    uintx GCDrainStackTargetSize                   = 64                                        {product} {ergonomic}
   size_t InitialHeapSize                          = 132120576                                 {product} {ergonomic}
   size_t MarkStackSize                            = 4194304                                   {product} {ergonomic}
   size_t MaxHeapSize                              = 2113929216                                {product} {ergonomic}
   size_t MaxNewSize                               = 1267728384                                {product} {ergonomic}
   size_t MinHeapDeltaBytes                        = 1048576                                   {product} {ergonomic}
   size_t MinHeapSize                              = 8388608                                   {product} {ergonomic}
    uintx NonNMethodCodeHeapSize                   = 5839372                                {pd product} {ergonomic}
    uintx NonProfiledCodeHeapSize                  = 122909434                              {pd product} {ergonomic}
    uintx ProfiledCodeHeapSize                     = 122909434                              {pd product} {ergonomic}
    uintx ReservedCodeCacheSize                    = 251658240                              {pd product} {ergonomic}
     bool SegmentedCodeCache                       = true                                      {product} {ergonomic}
   size_t SoftMaxHeapSize                          = 2113929216                             {manageable} {ergonomic}
     bool UseCompressedClassPointers               = true                           {product lp64_product} {ergonomic}
     bool UseCompressedOops                        = true                           {product lp64_product} {ergonomic}
     bool UseG1GC                                  = true                                      {product} {ergonomic}
     bool UseLargePagesIndividualAllocation        = false                                  {pd product} {ergonomic}

Logging:
Log output configuration:
 #0: stdout all=warning uptime,level,tags
 #1: stderr all=off uptime,level,tags

Environment Variables:
JAVA_HOME=C:\Program Files\Java\jdk-17
PATH=C:\Program Files\Common Files\Oracle\Java\javapath;C:\Program Files (x86)\VMware\VMware Workstation\bin\;C:\Windows\system32;C:\Windows;C:\Windows\System32\Wbem;C:\Windows\System32\WindowsPowerShell\v1.0\;C:\Windows\System32\OpenSSH\;C:\Program Files (x86)\NVIDIA Corporation\PhysX\Common;C:\WINDOWS\system32;C:\WINDOWS;C:\WINDOWS\System32\Wbem;C:\WINDOWS\System32\WindowsPowerShell\v1.0\;C:\WINDOWS\System32\OpenSSH\;C:\MinGW\mingw32\bin;C:\MinGW\bin;C:\Program Files\NVIDIA Corporation\NVIDIA App\NvDLISR;C:\Program Files\Git\cmd;C:\Program Files\Git\mingw64\bin;C:\Program Files\Git\usr\bin;C:\Users\Welcome\AppData\Local\Programs\Python\Python313\Scripts\;C:\Users\Welcome\AppData\Local\Programs\Python\Python313\;C:\Users\Welcome\AppData\Local\Microsoft\WindowsApps;C:\MinGW\bin;C:\Users\Welcome\AppData\Local\Programs\Microsoft VS Code\bin;;%JAVA_HOME%\bin;%JAVA_HOME%\bin
USERNAME=Welcome
OS=Windows_NT
PROCESSOR_IDENTIFIER=Intel64 Family 6 Model 165 Stepping 2, GenuineIntel



---------------  S Y S T E M  ---------------

OS:
 Windows 11 , 64 bit Build 26100 (10.0.26100.7623)
OS uptime: 10 days 18:16 hours

CPU: total 8 (initial active 8) (4 cores per cpu, 2 threads per core) family 6 model 165 stepping 2 microcode 0xf0, cx8, cmov, fxsr, ht, mmx, 3dnowpref, sse, sse2, sse3, ssse3, sse4.1, sse4.2, popcnt, lzcnt, tsc, tscinvbit, avx, avx2, aes, erms, clmul, bmi1, bmi2, adx, fma, vzeroupper, clflush, clflushopt

Memory: 4k page, system-wide physical 8059M (538M free)
TotalPageFile size 16251M (AvailPageFile size 70M)
current process WorkingSet (physical memory assigned to process): 235M, peak: 261M
current process commit charge ("private bytes"): 290M, peak: 433M

vm_info: Java HotSpot(TM) 64-Bit Server VM (17.0.12+8-LTS-286) for windows-amd64 JRE (17.0.12+8-LTS-286), built on Jun  5 2024 06:46:59 by "mach5one" with MS VC++ 17.6 (VS2022)

END.
